<?xml version="1.0" encoding="UTF-8"?>
<testng-results skipped="0" failed="0" total="1" passed="1">
  <reporter-output>
  </reporter-output>
  <suite name="Suite" duration-ms="26211" started-at="2016-03-24T06:28:03Z" finished-at="2016-03-24T06:28:30Z">
    <groups>
    </groups>
    <test name="Project Management" duration-ms="26211" started-at="2016-03-24T06:28:03Z" finished-at="2016-03-24T06:28:30Z">
      <class name="com.vsii.tsc.OpenERP.utility.TestBase">
        <test-method status="PASS" signature="setupSuite()[pri:0, instance:com.vsii.tsc.OpenERP.utility.TestBase@e8b5fe]" name="setupSuite" is-config="true" duration-ms="66806" started-at="2016-03-24T13:26:57Z" finished-at="2016-03-24T13:28:03Z">
          <reporter-output>
          </reporter-output>
        </test-method> <!-- setupSuite -->
        <test-method status="PASS" signature="teardownSuite()[pri:0, instance:com.vsii.tsc.OpenERP.utility.TestBase@e8b5fe]" name="teardownSuite" is-config="true" duration-ms="4046" started-at="2016-03-24T13:28:30Z" finished-at="2016-03-24T13:28:34Z">
          <reporter-output>
          </reporter-output>
        </test-method> <!-- teardownSuite -->
      </class> <!-- com.vsii.tsc.OpenERP.utility.TestBase -->
      <class name="com.vsii.tsc.OpenERP.testcase.CreateNewProject">
        <test-method status="PASS" signature="setupClass()[pri:0, instance:com.vsii.tsc.OpenERP.testcase.CreateNewProject@4416b]" name="setupClass" is-config="true" duration-ms="5154" started-at="2016-03-24T13:28:04Z" finished-at="2016-03-24T13:28:09Z">
          <reporter-output>
          </reporter-output>
        </test-method> <!-- setupClass -->
        <test-method status="PASS" signature="PM06(java.lang.String, java.lang.String, java.lang.String, java.lang.String, java.lang.String, java.lang.String, java.lang.String, java.lang.String, java.lang.String, java.lang.String)[pri:0, instance:com.vsii.tsc.OpenERP.testcase.CreateNewProject@4416b]" name="PM06" duration-ms="10636" started-at="2016-03-24T13:28:16Z" description="Create New Project with valid data" data-provider="dpNewProject" finished-at="2016-03-24T13:28:27Z">
          <params>
            <param index="0">
              <value>
                <![CDATA[Demo Project 2018]]>
              </value>
            </param>
            <param index="1">
              <value>
                <![CDATA[IBM Customer]]>
              </value>
            </param>
            <param index="2">
              <value>
                <![CDATA[SDC.2016-VSII.01]]>
              </value>
            </param>
            <param index="3">
              <value>
                <![CDATA[Employees Only]]>
              </value>
            </param>
            <param index="4">
              <value>
                <![CDATA[Phuong-Nguyen Thi Phuong]]>
              </value>
            </param>
            <param index="5">
              <value>
                <![CDATA[0:00]]>
              </value>
            </param>
            <param index="6">
              <value>
                <![CDATA[VSII / SDC]]>
              </value>
            </param>
            <param index="7">
              <value>
                <![CDATA[Training]]>
              </value>
            </param>
            <param index="8">
              <value>
                <![CDATA[Internal Project]]>
              </value>
            </param>
            <param index="9">
              <value>
                <![CDATA[VSI-INTERNATIONAL, VSII]]>
              </value>
            </param>
          </params>
          <reporter-output>
          </reporter-output>
        </test-method> <!-- PM06 -->
        <test-method status="PASS" signature="afterMethod()[pri:0, instance:com.vsii.tsc.OpenERP.testcase.CreateNewProject@4416b]" name="afterMethod" is-config="true" duration-ms="3040" started-at="2016-03-24T13:28:27Z" finished-at="2016-03-24T13:28:30Z">
          <reporter-output>
          </reporter-output>
        </test-method> <!-- afterMethod -->
        <test-method status="PASS" signature="teardownClass()[pri:0, instance:com.vsii.tsc.OpenERP.testcase.CreateNewProject@4416b]" name="teardownClass" is-config="true" duration-ms="1" started-at="2016-03-24T13:28:30Z" finished-at="2016-03-24T13:28:30Z">
          <reporter-output>
          </reporter-output>
        </test-method> <!-- teardownClass -->
      </class> <!-- com.vsii.tsc.OpenERP.testcase.CreateNewProject -->
    </test> <!-- Project Management -->
  </suite> <!-- Suite -->
</testng-results>
