<?xml version="1.0" encoding="UTF-8"?>
<!-- Generated by org.testng.reporters.JUnitXMLReporter -->
<testsuite hostname="Yen-PC" name="CreateNewProject" tests="1" failures="1" timestamp="22 Mar 2016 14:53:35 GMT" time="1.885" errors="0">
  <testcase name="CN01" time="1.692" classname="com.vsii.tsc.OpenERP.testcase.CreateNewProject">
    <failure type="org.testng.TestNGException" message="
The data provider is trying to pass 1 parameters but the method com.vsii.tsc.OpenERP.testcase.CreateNewProject#CN01 takes 11 and TestNG is unable in inject a suitable object">
      <![CDATA[org.testng.TestNGException: 
The data provider is trying to pass 1 parameters but the method com.vsii.tsc.OpenERP.testcase.CreateNewProject#CN01 takes 11 and TestNG is unable in inject a suitable object
Caused by: java.lang.ArrayIndexOutOfBoundsException: 1
	... 17 more
... Removed 19 stack frames]]>
    </failure>
  </testcase> <!-- CN01 -->
</testsuite> <!-- CreateNewProject -->
