<?xml version="1.0" encoding="UTF-8"?>
<!-- Generated by org.testng.reporters.JUnitXMLReporter -->
<testsuite hostname="Yen-PC" name="ProjectGroup" tests="1" failures="1" timestamp="21 Mar 2016 19:34:36 GMT" time="0.3" errors="0">
  <testcase name="@AfterMethod afterMethod" time="0.0" classname="com.vsii.tsc.OpenERP.testcase.ProjectGroup">
    <failure type="java.lang.NullPointerException">
      <![CDATA[java.lang.NullPointerException
	at com.google.common.base.Preconditions.checkNotNull(Preconditions.java:212)
	at org.openqa.selenium.support.ui.FluentWait.<init>(FluentWait.java:102)
	at org.openqa.selenium.support.ui.WebDriverWait.<init>(WebDriverWait.java:71)
	at org.openqa.selenium.support.ui.WebDriverWait.<init>(WebDriverWait.java:45)
	at com.vsii.tsc.OpenERP.utility.CommonOperations.isAlertPresent(CommonOperations.java:59)
	at com.vsii.tsc.OpenERP.utility.CommonOperations.takePicture(CommonOperations.java:76)
	at com.vsii.tsc.OpenERP.testcase.ProjectGroup.afterMethod(ProjectGroup.java:51)
... Removed 26 stack frames]]>
    </failure>
  </testcase> <!-- @AfterMethod afterMethod -->
  <testcase name="@AfterClass teardownClass" time="0.0" classname="com.vsii.tsc.OpenERP.testcase.ProjectGroup">
    <skipped/>
  </testcase> <!-- @AfterClass teardownClass -->
  <testcase name="PG" time="0.011" classname="com.vsii.tsc.OpenERP.testcase.ProjectGroup">
    <failure type="java.lang.NullPointerException">
      <![CDATA[java.lang.NullPointerException
	at org.openqa.selenium.support.pagefactory.DefaultElementLocator.findElement(DefaultElementLocator.java:69)
	at org.openqa.selenium.support.pagefactory.internal.LocatingElementHandler.invoke(LocatingElementHandler.java:38)
	at com.sun.proxy.$Proxy7.click(Unknown Source)
	at com.vsii.tsc.OpenERP.pages.method.ProjectGroupPageMethod.clickProjectMenu(ProjectGroupPageMethod.java:21)
	at com.vsii.tsc.OpenERP.testcase.ProjectGroup.PG(ProjectGroup.java:34)
... Removed 24 stack frames]]>
    </failure>
  </testcase> <!-- PG -->
</testsuite> <!-- ProjectGroup -->
